c:\users\olousouzian\documents\visual studio 2013\projects\wima\coreclr\debug\coreclr.pch
c:\users\olousouzian\documents\visual studio 2013\projects\wima\coreclr\debug\vc120.pdb
c:\users\olousouzian\documents\visual studio 2013\projects\wima\coreclr\debug\stdafx.obj
c:\users\olousouzian\documents\visual studio 2013\projects\wima\coreclr\debug\coreclr.obj
c:\users\olousouzian\documents\visual studio 2013\projects\wima\coreclr\debug\assemblyinfo.obj
c:\users\olousouzian\documents\visual studio 2013\projects\wima\coreclr\debug\.netframework,version=v4.5.assemblyattributes.obj
c:\users\olousouzian\documents\visual studio 2013\projects\wima\coreclr\debug\app.res
c:\users\olousouzian\documents\visual studio 2013\projects\wima\debug\coreclr.pdb
c:\users\olousouzian\documents\visual studio 2013\projects\wima\coreclr\debug\coreclr.tlog\cl.command.1.tlog
c:\users\olousouzian\documents\visual studio 2013\projects\wima\coreclr\debug\coreclr.tlog\cl.read.1.tlog
c:\users\olousouzian\documents\visual studio 2013\projects\wima\coreclr\debug\coreclr.tlog\cl.write.1.tlog
c:\users\olousouzian\documents\visual studio 2013\projects\wima\coreclr\debug\coreclr.tlog\link.10768-cvtres.read.1.tlog
c:\users\olousouzian\documents\visual studio 2013\projects\wima\coreclr\debug\coreclr.tlog\link.10768-cvtres.write.1.tlog
c:\users\olousouzian\documents\visual studio 2013\projects\wima\coreclr\debug\coreclr.tlog\link.10768-rc.read.1.tlog
c:\users\olousouzian\documents\visual studio 2013\projects\wima\coreclr\debug\coreclr.tlog\link.10768-rc.write.1.tlog
c:\users\olousouzian\documents\visual studio 2013\projects\wima\coreclr\debug\coreclr.tlog\link.10768.read.1.tlog
c:\users\olousouzian\documents\visual studio 2013\projects\wima\coreclr\debug\coreclr.tlog\link.10768.write.1.tlog
c:\users\olousouzian\documents\visual studio 2013\projects\wima\coreclr\debug\coreclr.tlog\link.command.1.tlog
c:\users\olousouzian\documents\visual studio 2013\projects\wima\coreclr\debug\coreclr.tlog\link.read.1.tlog
c:\users\olousouzian\documents\visual studio 2013\projects\wima\coreclr\debug\coreclr.tlog\link.write.1.tlog
c:\users\olousouzian\documents\visual studio 2013\projects\wima\coreclr\debug\coreclr.tlog\metagen.read.1.tlog
c:\users\olousouzian\documents\visual studio 2013\projects\wima\coreclr\debug\coreclr.tlog\metagen.write.1.tlog
c:\users\olousouzian\documents\visual studio 2013\projects\wima\coreclr\debug\coreclr.tlog\rc.command.1.tlog
c:\users\olousouzian\documents\visual studio 2013\projects\wima\coreclr\debug\coreclr.tlog\rc.read.1.tlog
c:\users\olousouzian\documents\visual studio 2013\projects\wima\coreclr\debug\coreclr.tlog\rc.write.1.tlog
c:\users\olousouzian\documents\visual studio 2013\projects\wima\coreclr\debug\coreclr.tlog\rsaenh.dll.bi
c:\users\olousouzian\documents\visual studio 2013\projects\wima\coreclr\debug\coreclr.tlog\tzres.dll.bi
