c:\users\olousouzian\documents\visual studio 2013\projects\wima\coreclr\release\coreclr.pch
c:\users\olousouzian\documents\visual studio 2013\projects\wima\coreclr\release\vc120.pdb
c:\users\olousouzian\documents\visual studio 2013\projects\wima\coreclr\release\stdafx.obj
c:\users\olousouzian\documents\visual studio 2013\projects\wima\coreclr\release\coreclr.obj
c:\users\olousouzian\documents\visual studio 2013\projects\wima\coreclr\release\assemblyinfo.obj
c:\users\olousouzian\documents\visual studio 2013\projects\wima\coreclr\release\.netframework,version=v4.5.assemblyattributes.obj
c:\users\olousouzian\documents\visual studio 2013\projects\wima\release\coreclr.dll
c:\users\olousouzian\documents\visual studio 2013\projects\wima\release\coreclr.pdb
c:\users\olousouzian\documents\visual studio 2013\projects\wima\coreclr\release\app.res
c:\users\olousouzian\documents\visual studio 2013\projects\wima\coreclr\release\coreclr.tlog\cl.command.1.tlog
c:\users\olousouzian\documents\visual studio 2013\projects\wima\coreclr\release\coreclr.tlog\cl.read.1.tlog
c:\users\olousouzian\documents\visual studio 2013\projects\wima\coreclr\release\coreclr.tlog\cl.write.1.tlog
c:\users\olousouzian\documents\visual studio 2013\projects\wima\coreclr\release\coreclr.tlog\link.command.1.tlog
c:\users\olousouzian\documents\visual studio 2013\projects\wima\coreclr\release\coreclr.tlog\link.read.1.tlog
c:\users\olousouzian\documents\visual studio 2013\projects\wima\coreclr\release\coreclr.tlog\link.write.1.tlog
c:\users\olousouzian\documents\visual studio 2013\projects\wima\coreclr\release\coreclr.tlog\metagen.read.1.tlog
c:\users\olousouzian\documents\visual studio 2013\projects\wima\coreclr\release\coreclr.tlog\metagen.write.1.tlog
c:\users\olousouzian\documents\visual studio 2013\projects\wima\coreclr\release\coreclr.tlog\rc.command.1.tlog
c:\users\olousouzian\documents\visual studio 2013\projects\wima\coreclr\release\coreclr.tlog\rc.read.1.tlog
c:\users\olousouzian\documents\visual studio 2013\projects\wima\coreclr\release\coreclr.tlog\rc.write.1.tlog
c:\users\olousouzian\documents\visual studio 2013\projects\wima\coreclr\release\coreclr.tlog\rsaenh.dll.bi
c:\users\olousouzian\documents\visual studio 2013\projects\wima\coreclr\release\coreclr.tlog\tzres.dll.bi
