Build started 4/27/2014 7:09:37 PM.
     1>Project "C:\Users\Olousouzian\documents\visual studio 2013\Projects\Wima\CoreProto\CoreProto.vcxproj" on node 2 (Build target(s)).
     1>ClCompile:
         C:\Program Files (x86)\Microsoft Visual Studio 12.0\VC\bin\CL.exe /c /ZI /nologo /W3 /WX- /Od /Oy- /D WIN32 /D _DEBUG /D _CONSOLE /D _LIB /D _UNICODE /D UNICODE /Gm /EHsc /RTC1 /MDd /GS /fp:precise /Zc:wchar_t /Zc:forScope /Fo"Debug\\" /Fd"Debug\vc120.pdb" /Gd /TP /analyze- /errorReport:prompt CoreProto.cpp stdafx.cpp
         stdafx.cpp
         CoreProto.cpp
         Generating Code...
       Link:
         C:\Program Files (x86)\Microsoft Visual Studio 12.0\VC\bin\link.exe /ERRORREPORT:PROMPT /OUT:"C:\Users\Olousouzian\documents\visual studio 2013\Projects\Wima\Debug\CoreProto.exe" /INCREMENTAL /NOLOGO interception.lib kernel32.lib user32.lib gdi32.lib winspool.lib comdlg32.lib advapi32.lib shell32.lib ole32.lib oleaut32.lib uuid.lib odbc32.lib odbccp32.lib /MANIFEST /MANIFESTUAC:"level='asInvoker' uiAccess='false'" /manifest:embed /DEBUG /PDB:"C:\Users\Olousouzian\documents\visual studio 2013\Projects\Wima\Debug\CoreProto.pdb" /SUBSYSTEM:CONSOLE /TLBID:1 /DYNAMICBASE /NXCOMPAT /IMPLIB:"C:\Users\Olousouzian\documents\visual studio 2013\Projects\Wima\Debug\CoreProto.lib" /MACHINE:X86 Debug\CoreProto.obj
         Debug\stdafx.obj
     1>CoreProto.obj : error LNK2019: unresolved external symbol __imp__interception_create_context referenced in function _main
     1>CoreProto.obj : error LNK2019: unresolved external symbol __imp__interception_destroy_context referenced in function _main
     1>CoreProto.obj : error LNK2019: unresolved external symbol __imp__interception_set_filter referenced in function _main
     1>CoreProto.obj : error LNK2019: unresolved external symbol __imp__interception_wait referenced in function _main
     1>CoreProto.obj : error LNK2019: unresolved external symbol __imp__interception_send referenced in function _main
     1>CoreProto.obj : error LNK2019: unresolved external symbol __imp__interception_receive referenced in function _main
     1>CoreProto.obj : error LNK2019: unresolved external symbol __imp__interception_is_keyboard referenced in function _main
     1>C:\Users\Olousouzian\documents\visual studio 2013\Projects\Wima\Debug\CoreProto.exe : fatal error LNK1120: 7 unresolved externals
     1>Done Building Project "C:\Users\Olousouzian\documents\visual studio 2013\Projects\Wima\CoreProto\CoreProto.vcxproj" (Build target(s)) -- FAILED.

Build FAILED.

Time Elapsed 00:00:00.77
